<?xml version="1.0" encoding="UTF-8"?>
<testsuite name="SILab2Test" tests="1" skipped="0" failures="0" errors="0" timestamp="2020-06-14T01:35:16" hostname="DESKTOP-HIFATKV" time="0.021">
  <properties/>
  <testcase name="multipleConditions()" classname="SILab2Test" time="0.021"/>
  <system-out><![CDATA[]]></system-out>
  <system-err><![CDATA[]]></system-err>
</testsuite>
